<?xml version="1.0" encoding="UTF-8"?>
<testsuite xmlns:xsi="http://www.w3.org/2001/XMLSchema-instance" xsi:noNamespaceSchemaLocation="https://maven.apache.org/surefire/maven-surefire-plugin/xsd/surefire-test-report-3.0.xsd" version="3.0" name="com.example.webscraper.WebScraperApplicationTests" time="8.186" tests="1" errors="0" skipped="0" failures="0">
  <properties>
[...]
</properties>
  <testcase name="contextLoads" classname="com.example.webscraper.WebScraperApplicationTests" time="1.984">
    <system-out><![CDATA[00:42:41.593 [main] INFO org.springframework.test.context.support.AnnotationConfigContextLoaderUtils -- Could not detect default configuration classes for test class [com.example.webscraper.WebScraperApplicationTests]: WebScraperApplicationTests does not declare any static, non-private, non-final, nested classes annotated with @Configuration.
00:42:41.898 [main] INFO org.springframework.boot.test.context.SpringBootTestContextBootstrapper -- Found @SpringBootConfiguration com.example.webscraper.WebScraperApplication for test class com.example.webscraper.WebScraperApplicationTests

  .   ____          _            __ _ _
 /\\ / ___'_ __ _ _(_)_ __  __ _ \ \ \ \
( ( )\___ | '_ | '_| | '_ \/ _` | \ \ \ \
 \\/  ___)| |_)| | | | | || (_| |  ) ) ) )
  '  |____| .__|_| |_|_| |_\__, | / / / /
 =========|_|==============|___/=/_/_/_/

 :: Spring Boot ::                (v3.3.4)

2026-07-12T00:42:43.043+05:30  INFO 1320 --- [webscraper] [           main] c.e.w.WebScraperApplicationTests         : Starting WebScraperApplicationTests using Java 20.0.2 with PID 1320 (started by vishal vana in E:\webscraper (1)\webscraper)
2026-07-12T00:42:43.046+05:30 DEBUG 1320 --- [webscraper] [           main] c.e.w.WebScraperApplicationTests         : Running with Spring Boot v3.3.4, Spring v6.1.13
2026-07-12T00:42:43.048+05:30  INFO 1320 --- [webscraper] [           main] c.e.w.WebScraperApplicationTests         : No active profile set, falling back to 1 default profile: "default"
2026-07-12T00:42:46.322+05:30  INFO 1320 --- [webscraper] [           main] o.s.b.a.w.s.WelcomePageHandlerMapping    : Adding welcome page: class path resource [static/index.html]
2026-07-12T00:42:47.255+05:30  INFO 1320 --- [webscraper] [           main] c.e.w.WebScraperApplicationTests         : Started WebScraperApplicationTests in 4.899 seconds (process running for 7.731)
]]></system-out>
  </testcase>
</testsuite>